<?xml version="1.0" encoding="UTF-8"?><testrun name="HibernateVehicleTest" project="carshop-model" tests="11" started="11" failures="1" errors="1" ignored="0">
  <testsuite name="org.porourke.carshop.model.hibernate.HibernateVehicleTest" time="0.016">
    <testcase name="testToJSONWhenMakeNull" classname="org.porourke.carshop.model.hibernate.HibernateVehicleTest" time="0.0">
      <failure>
        <expected>{"id":"-1","reg":"XYZ123","model":"Tank2","colour":"Red","year":"1984","engSizeCC":"1600"}</expected>
        <actual>{"id":"-1","reg":"XYZ123","model":"Tank2","make":"BAE","colour":"Red","year":"1984","engSizeCC":"1600"}</actual>org.junit.ComparisonFailure: expected:&lt;...3","model":"Tank2","[]colour":"Red","year"...&gt; but was:&lt;...3","model":"Tank2","[make":"BAE","]colour":"Red","year"...&gt;&#13;
	at org.junit.Assert.assertEquals(Assert.java:115)&#13;
	at org.junit.Assert.assertEquals(Assert.java:144)&#13;
	at org.porourke.carshop.model.hibernate.HibernateVehicleTest.testToJSONWhenMakeNull(HibernateVehicleTest.java:61)&#13;
	at sun.reflect.NativeMethodAccessorImpl.invoke0(Native Method)&#13;
	at sun.reflect.NativeMethodAccessorImpl.invoke(NativeMethodAccessorImpl.java:57)&#13;
	at sun.reflect.DelegatingMethodAccessorImpl.invoke(DelegatingMethodAccessorImpl.java:43)&#13;
	at java.lang.reflect.Method.invoke(Method.java:606)&#13;
	at org.junit.runners.model.FrameworkMethod$1.runReflectiveCall(FrameworkMethod.java:50)&#13;
	at org.junit.internal.runners.model.ReflectiveCallable.run(ReflectiveCallable.java:12)&#13;
	at org.junit.runners.model.FrameworkMethod.invokeExplosively(FrameworkMethod.java:47)&#13;
	at org.junit.internal.runners.statements.InvokeMethod.evaluate(InvokeMethod.java:17)&#13;
	at org.junit.runners.ParentRunner.runLeaf(ParentRunner.java:325)&#13;
	at org.junit.runners.BlockJUnit4ClassRunner.runChild(BlockJUnit4ClassRunner.java:78)&#13;
	at org.junit.runners.BlockJUnit4ClassRunner.runChild(BlockJUnit4ClassRunner.java:57)&#13;
	at org.junit.runners.ParentRunner$3.run(ParentRunner.java:290)&#13;
	at org.junit.runners.ParentRunner$1.schedule(ParentRunner.java:71)&#13;
	at org.junit.runners.ParentRunner.runChildren(ParentRunner.java:288)&#13;
	at org.junit.runners.ParentRunner.access$000(ParentRunner.java:58)&#13;
	at org.junit.runners.ParentRunner$2.evaluate(ParentRunner.java:268)&#13;
	at org.junit.runners.ParentRunner.run(ParentRunner.java:363)&#13;
	at org.eclipse.jdt.internal.junit4.runner.JUnit4TestReference.run(JUnit4TestReference.java:50)&#13;
	at org.eclipse.jdt.internal.junit.runner.TestExecution.run(TestExecution.java:38)&#13;
	at org.eclipse.jdt.internal.junit.runner.RemoteTestRunner.runTests(RemoteTestRunner.java:467)&#13;
	at org.eclipse.jdt.internal.junit.runner.RemoteTestRunner.runTests(RemoteTestRunner.java:683)&#13;
	at org.eclipse.jdt.internal.junit.runner.RemoteTestRunner.run(RemoteTestRunner.java:390)&#13;
	at org.eclipse.jdt.internal.junit.runner.RemoteTestRunner.main(RemoteTestRunner.java:197)&#13;
&#13;
</failure>
    </testcase>
    <testcase name="testAllParamertersButIdConstructor" classname="org.porourke.carshop.model.hibernate.HibernateVehicleTest" time="0.0"/>
    <testcase name="testAllParameterConstructor" classname="org.porourke.carshop.model.hibernate.HibernateVehicleTest" time="0.0"/>
    <testcase name="testNoParameterConstructor" classname="org.porourke.carshop.model.hibernate.HibernateVehicleTest" time="0.0"/>
    <testcase name="testGetAndSetYear" classname="org.porourke.carshop.model.hibernate.HibernateVehicleTest" time="0.0"/>
    <testcase name="testGetAndSetId" classname="org.porourke.carshop.model.hibernate.HibernateVehicleTest" time="0.0"/>
    <testcase name="testGetAndSetEngSizeCC" classname="org.porourke.carshop.model.hibernate.HibernateVehicleTest" time="0.0"/>
    <testcase name="testGetAndSetColour" classname="org.porourke.carshop.model.hibernate.HibernateVehicleTest" time="0.0"/>
    <testcase name="testGetAndSetModel" classname="org.porourke.carshop.model.hibernate.HibernateVehicleTest" time="0.0"/>
    <testcase name="testGetAndSetReg" classname="org.porourke.carshop.model.hibernate.HibernateVehicleTest" time="0.0"/>
    <testcase name="testToJSON" classname="org.porourke.carshop.model.hibernate.HibernateVehicleTest" time="0.016">
      <error>java.lang.NullPointerException&#13;
	at org.porourke.carshop.model.hibernate.Model.setMake(Model.java:137)&#13;
	at org.porourke.carshop.model.hibernate.HibernateVehicleTest.testToJSON(HibernateVehicleTest.java:48)&#13;
	at sun.reflect.NativeMethodAccessorImpl.invoke0(Native Method)&#13;
	at sun.reflect.NativeMethodAccessorImpl.invoke(NativeMethodAccessorImpl.java:57)&#13;
	at sun.reflect.DelegatingMethodAccessorImpl.invoke(DelegatingMethodAccessorImpl.java:43)&#13;
	at java.lang.reflect.Method.invoke(Method.java:606)&#13;
	at org.junit.runners.model.FrameworkMethod$1.runReflectiveCall(FrameworkMethod.java:50)&#13;
	at org.junit.internal.runners.model.ReflectiveCallable.run(ReflectiveCallable.java:12)&#13;
	at org.junit.runners.model.FrameworkMethod.invokeExplosively(FrameworkMethod.java:47)&#13;
	at org.junit.internal.runners.statements.InvokeMethod.evaluate(InvokeMethod.java:17)&#13;
	at org.junit.runners.ParentRunner.runLeaf(ParentRunner.java:325)&#13;
	at org.junit.runners.BlockJUnit4ClassRunner.runChild(BlockJUnit4ClassRunner.java:78)&#13;
	at org.junit.runners.BlockJUnit4ClassRunner.runChild(BlockJUnit4ClassRunner.java:57)&#13;
	at org.junit.runners.ParentRunner$3.run(ParentRunner.java:290)&#13;
	at org.junit.runners.ParentRunner$1.schedule(ParentRunner.java:71)&#13;
	at org.junit.runners.ParentRunner.runChildren(ParentRunner.java:288)&#13;
	at org.junit.runners.ParentRunner.access$000(ParentRunner.java:58)&#13;
	at org.junit.runners.ParentRunner$2.evaluate(ParentRunner.java:268)&#13;
	at org.junit.runners.ParentRunner.run(ParentRunner.java:363)&#13;
	at org.eclipse.jdt.internal.junit4.runner.JUnit4TestReference.run(JUnit4TestReference.java:50)&#13;
	at org.eclipse.jdt.internal.junit.runner.TestExecution.run(TestExecution.java:38)&#13;
	at org.eclipse.jdt.internal.junit.runner.RemoteTestRunner.runTests(RemoteTestRunner.java:467)&#13;
	at org.eclipse.jdt.internal.junit.runner.RemoteTestRunner.runTests(RemoteTestRunner.java:683)&#13;
	at org.eclipse.jdt.internal.junit.runner.RemoteTestRunner.run(RemoteTestRunner.java:390)&#13;
	at org.eclipse.jdt.internal.junit.runner.RemoteTestRunner.main(RemoteTestRunner.java:197)&#13;
&#13;
</error>
    </testcase>
  </testsuite>
</testrun>
