<?xml version="1.0" encoding="UTF-8"?><testrun name="HibernateVehicleServiceTest" project="carshop-model" tests="9" started="9" failures="1" errors="0" ignored="0">
  <testsuite name="org.porourke.carshop.model.hibernate.HibernateVehicleServiceTest" time="141.126">
    <testcase name="TestDeepSaveModelNotNull" classname="org.porourke.carshop.model.hibernate.HibernateVehicleServiceTest" time="4.32"/>
    <testcase name="testVehicleServiceConstructor" classname="org.porourke.carshop.model.hibernate.HibernateVehicleServiceTest" time="10.242"/>
    <testcase name="testVehicleServicegetModelsbyId" classname="org.porourke.carshop.model.hibernate.HibernateVehicleServiceTest" time="16.1"/>
    <testcase name="testVehicleServicegetMakesbyId" classname="org.porourke.carshop.model.hibernate.HibernateVehicleServiceTest" time="20.11"/>
    <testcase name="TestDeepSaveModelPointsBackToVehicle" classname="org.porourke.carshop.model.hibernate.HibernateVehicleServiceTest" time="20.078"/>
    <testcase name="TestDeepSaveMakeEquals" classname="org.porourke.carshop.model.hibernate.HibernateVehicleServiceTest" time="20.065"/>
    <testcase name="TestDeepSaveMakePointsBackToModel" classname="org.porourke.carshop.model.hibernate.HibernateVehicleServiceTest" time="20.085"/>
    <testcase name="TestDeepSaveModelsEqual" classname="org.porourke.carshop.model.hibernate.HibernateVehicleServiceTest" time="20.079"/>
    <testcase name="testVehicleServicegetVehiclesbyId" classname="org.porourke.carshop.model.hibernate.HibernateVehicleServiceTest" time="10.047">
      <failure>java.lang.AssertionError&#13;
	at org.junit.Assert.fail(Assert.java:86)&#13;
	at org.junit.Assert.assertTrue(Assert.java:41)&#13;
	at org.junit.Assert.assertTrue(Assert.java:52)&#13;
	at org.porourke.carshop.model.hibernate.HibernateVehicleServiceTest.testVehicleServicegetVehiclesbyId(HibernateVehicleServiceTest.java:102)&#13;
	at sun.reflect.NativeMethodAccessorImpl.invoke0(Native Method)&#13;
	at sun.reflect.NativeMethodAccessorImpl.invoke(NativeMethodAccessorImpl.java:57)&#13;
	at sun.reflect.DelegatingMethodAccessorImpl.invoke(DelegatingMethodAccessorImpl.java:43)&#13;
	at java.lang.reflect.Method.invoke(Method.java:606)&#13;
	at org.junit.runners.model.FrameworkMethod$1.runReflectiveCall(FrameworkMethod.java:50)&#13;
	at org.junit.internal.runners.model.ReflectiveCallable.run(ReflectiveCallable.java:12)&#13;
	at org.junit.runners.model.FrameworkMethod.invokeExplosively(FrameworkMethod.java:47)&#13;
	at org.junit.internal.runners.statements.InvokeMethod.evaluate(InvokeMethod.java:17)&#13;
	at org.junit.internal.runners.statements.RunBefores.evaluate(RunBefores.java:26)&#13;
	at org.junit.internal.runners.statements.RunAfters.evaluate(RunAfters.java:27)&#13;
	at org.junit.runners.ParentRunner.runLeaf(ParentRunner.java:325)&#13;
	at org.junit.runners.BlockJUnit4ClassRunner.runChild(BlockJUnit4ClassRunner.java:78)&#13;
	at org.junit.runners.BlockJUnit4ClassRunner.runChild(BlockJUnit4ClassRunner.java:57)&#13;
	at org.junit.runners.ParentRunner$3.run(ParentRunner.java:290)&#13;
	at org.junit.runners.ParentRunner$1.schedule(ParentRunner.java:71)&#13;
	at org.junit.runners.ParentRunner.runChildren(ParentRunner.java:288)&#13;
	at org.junit.runners.ParentRunner.access$000(ParentRunner.java:58)&#13;
	at org.junit.runners.ParentRunner$2.evaluate(ParentRunner.java:268)&#13;
	at org.junit.runners.ParentRunner.run(ParentRunner.java:363)&#13;
	at org.eclipse.jdt.internal.junit4.runner.JUnit4TestReference.run(JUnit4TestReference.java:50)&#13;
	at org.eclipse.jdt.internal.junit.runner.TestExecution.run(TestExecution.java:38)&#13;
	at org.eclipse.jdt.internal.junit.runner.RemoteTestRunner.runTests(RemoteTestRunner.java:467)&#13;
	at org.eclipse.jdt.internal.junit.runner.RemoteTestRunner.runTests(RemoteTestRunner.java:683)&#13;
	at org.eclipse.jdt.internal.junit.runner.RemoteTestRunner.run(RemoteTestRunner.java:390)&#13;
	at org.eclipse.jdt.internal.junit.runner.RemoteTestRunner.main(RemoteTestRunner.java:197)&#13;
&#13;
</failure>
    </testcase>
  </testsuite>
</testrun>
