<?xml version="1.0" encoding="UTF-8"?><testrun name="org.porourke.carshop.model.hibernate" project="carshop-model" tests="68" started="68" failures="2" errors="2" ignored="0">
  <testsuite name="org.porourke.carshop.model.hibernate.HibernateVehicleTest" incomplete="true">
    <testcase name="testAllParamertersButIdConstructor" classname="org.porourke.carshop.model.hibernate.HibernateVehicleTest" incomplete="true"/>
    <testcase name="testAllParameterConstructor" classname="org.porourke.carshop.model.hibernate.HibernateVehicleTest" incomplete="true"/>
    <testcase name="testNoParameterConstructor" classname="org.porourke.carshop.model.hibernate.HibernateVehicleTest" incomplete="true"/>
    <testcase name="testGetAndSetYear" classname="org.porourke.carshop.model.hibernate.HibernateVehicleTest" incomplete="true"/>
    <testcase name="testGetAndSetId" classname="org.porourke.carshop.model.hibernate.HibernateVehicleTest" incomplete="true"/>
    <testcase name="testGetAndSetEngSizeCC" classname="org.porourke.carshop.model.hibernate.HibernateVehicleTest" incomplete="true"/>
    <testcase name="testGetAndSetColour" classname="org.porourke.carshop.model.hibernate.HibernateVehicleTest" incomplete="true"/>
    <testcase name="testGetAndSetModel" classname="org.porourke.carshop.model.hibernate.HibernateVehicleTest" incomplete="true"/>
    <testcase name="testGetAndSetReg" classname="org.porourke.carshop.model.hibernate.HibernateVehicleTest" incomplete="true"/>
  </testsuite>
  <testsuite name="org.porourke.carshop.model.hibernate.HibernateVehicleServiceTest" incomplete="true">
    <testcase name="TestDeepSaveModelNotNull" classname="org.porourke.carshop.model.hibernate.HibernateVehicleServiceTest" incomplete="true"/>
    <testcase name="testVehicleServiceConstructor" classname="org.porourke.carshop.model.hibernate.HibernateVehicleServiceTest" incomplete="true"/>
    <testcase name="testVehicleServicegetModelsbyId" classname="org.porourke.carshop.model.hibernate.HibernateVehicleServiceTest" incomplete="true"/>
    <testcase name="testVehicleServicegetMakesbyId" classname="org.porourke.carshop.model.hibernate.HibernateVehicleServiceTest" incomplete="true"/>
    <testcase name="TestDeepSaveModelPointsBackToVehicle" classname="org.porourke.carshop.model.hibernate.HibernateVehicleServiceTest" incomplete="true"/>
    <testcase name="TestDeepSaveMakeEquals" classname="org.porourke.carshop.model.hibernate.HibernateVehicleServiceTest" incomplete="true"/>
    <testcase name="TestDeepSaveMakePointsBackToModel" classname="org.porourke.carshop.model.hibernate.HibernateVehicleServiceTest" incomplete="true"/>
    <testcase name="TestDeepSaveModelsEqual" classname="org.porourke.carshop.model.hibernate.HibernateVehicleServiceTest" incomplete="true"/>
    <testcase name="testVehicleServicegetVehiclesbyId" classname="org.porourke.carshop.model.hibernate.HibernateVehicleServiceTest" incomplete="true"/>
  </testsuite>
  <testsuite name="org.porourke.carshop.model.hibernate.HibernameMakeTest" incomplete="true">
    <testcase name="testEmptyConstructor" classname="org.porourke.carshop.model.hibernate.HibernameMakeTest" incomplete="true"/>
    <testcase name="testFullConstructorID" classname="org.porourke.carshop.model.hibernate.HibernameMakeTest" incomplete="true"/>
    <testcase name="testAddModel" classname="org.porourke.carshop.model.hibernate.HibernameMakeTest" incomplete="true"/>
    <testcase name="testSetAndGetNames" classname="org.porourke.carshop.model.hibernate.HibernameMakeTest" incomplete="true"/>
    <testcase name="testHibernate" classname="org.porourke.carshop.model.hibernate.HibernameMakeTest" incomplete="true"/>
    <testcase name="testSetAndGetID" classname="org.porourke.carshop.model.hibernate.HibernameMakeTest" incomplete="true"/>
    <testcase name="testConstructorWithoutID" classname="org.porourke.carshop.model.hibernate.HibernameMakeTest" incomplete="true"/>
    <testcase name="testFullContructorWithModelList" classname="org.porourke.carshop.model.hibernate.HibernameMakeTest" incomplete="true"/>
    <testcase name="testSetAndGetModels" classname="org.porourke.carshop.model.hibernate.HibernameMakeTest" incomplete="true"/>
  </testsuite>
  <testsuite name="org.porourke.carshop.model.hibernate.HibernateModelTest" incomplete="true">
    <testcase name="testNoIdConstructor" classname="org.porourke.carshop.model.hibernate.HibernateModelTest" incomplete="true"/>
    <testcase name="testGetAndSetVehicles" classname="org.porourke.carshop.model.hibernate.HibernateModelTest" incomplete="true"/>
    <testcase name="testAllParameterConstructor" classname="org.porourke.carshop.model.hibernate.HibernateModelTest" incomplete="true"/>
    <testcase name="testNoParameterConstructor" classname="org.porourke.carshop.model.hibernate.HibernateModelTest" incomplete="true"/>
    <testcase name="testGetAndSetMake" classname="org.porourke.carshop.model.hibernate.HibernateModelTest" incomplete="true"/>
    <testcase name="testGetAndSetName" classname="org.porourke.carshop.model.hibernate.HibernateModelTest" incomplete="true"/>
    <testcase name="testGetAndSetId" classname="org.porourke.carshop.model.hibernate.HibernateModelTest" incomplete="true"/>
  </testsuite>
  <testsuite name="org.porourke.carshop.model.hibernate.HibernateTestsSuite" time="10.048">
    <testsuite name="org.porourke.carshop.model.hibernate.HibernameMakeTest" time="10.048">
      <testcase name="testEmptyConstructor" classname="org.porourke.carshop.model.hibernate.HibernameMakeTest" time="0.0"/>
      <testcase name="testFullConstructorID" classname="org.porourke.carshop.model.hibernate.HibernameMakeTest" time="0.001"/>
      <testcase name="testAddModel" classname="org.porourke.carshop.model.hibernate.HibernameMakeTest" time="0.0"/>
      <testcase name="testSetAndGetNames" classname="org.porourke.carshop.model.hibernate.HibernameMakeTest" time="0.0"/>
      <testcase name="testHibernate" classname="org.porourke.carshop.model.hibernate.HibernameMakeTest" time="10.038">
        <error>java.lang.NullPointerException&#13;
	at org.porourke.carshop.model.hibernate.HibernameMakeTest.testHibernate(HibernameMakeTest.java:128)&#13;
	at sun.reflect.NativeMethodAccessorImpl.invoke0(Native Method)&#13;
	at sun.reflect.NativeMethodAccessorImpl.invoke(NativeMethodAccessorImpl.java:57)&#13;
	at sun.reflect.DelegatingMethodAccessorImpl.invoke(DelegatingMethodAccessorImpl.java:43)&#13;
	at java.lang.reflect.Method.invoke(Method.java:606)&#13;
	at org.junit.runners.model.FrameworkMethod$1.runReflectiveCall(FrameworkMethod.java:50)&#13;
	at org.junit.internal.runners.model.ReflectiveCallable.run(ReflectiveCallable.java:12)&#13;
	at org.junit.runners.model.FrameworkMethod.invokeExplosively(FrameworkMethod.java:47)&#13;
	at org.junit.internal.runners.statements.InvokeMethod.evaluate(InvokeMethod.java:17)&#13;
	at org.junit.runners.ParentRunner.runLeaf(ParentRunner.java:325)&#13;
	at org.junit.runners.BlockJUnit4ClassRunner.runChild(BlockJUnit4ClassRunner.java:78)&#13;
	at org.junit.runners.BlockJUnit4ClassRunner.runChild(BlockJUnit4ClassRunner.java:57)&#13;
	at org.junit.runners.ParentRunner$3.run(ParentRunner.java:290)&#13;
	at org.junit.runners.ParentRunner$1.schedule(ParentRunner.java:71)&#13;
	at org.junit.runners.ParentRunner.runChildren(ParentRunner.java:288)&#13;
	at org.junit.runners.ParentRunner.access$000(ParentRunner.java:58)&#13;
	at org.junit.runners.ParentRunner$2.evaluate(ParentRunner.java:268)&#13;
	at org.junit.runners.ParentRunner.run(ParentRunner.java:363)&#13;
	at org.eclipse.jdt.internal.junit4.runner.JUnit4TestReference.run(JUnit4TestReference.java:50)&#13;
	at org.eclipse.jdt.internal.junit.runner.TestExecution.run(TestExecution.java:38)&#13;
	at org.eclipse.jdt.internal.junit.runner.RemoteTestRunner.runTests(RemoteTestRunner.java:467)&#13;
	at org.eclipse.jdt.internal.junit.runner.RemoteTestRunner.runTests(RemoteTestRunner.java:683)&#13;
	at org.eclipse.jdt.internal.junit.runner.RemoteTestRunner.run(RemoteTestRunner.java:390)&#13;
	at org.eclipse.jdt.internal.junit.runner.RemoteTestRunner.main(RemoteTestRunner.java:197)&#13;
&#13;
java.lang.NullPointerException&#13;
	at org.porourke.carshop.model.hibernate.HibernameMakeTest.testHibernate(HibernameMakeTest.java:128)&#13;
	at sun.reflect.NativeMethodAccessorImpl.invoke0(Native Method)&#13;
	at sun.reflect.NativeMethodAccessorImpl.invoke(NativeMethodAccessorImpl.java:57)&#13;
	at sun.reflect.DelegatingMethodAccessorImpl.invoke(DelegatingMethodAccessorImpl.java:43)&#13;
	at java.lang.reflect.Method.invoke(Method.java:606)&#13;
	at org.junit.runners.model.FrameworkMethod$1.runReflectiveCall(FrameworkMethod.java:50)&#13;
	at org.junit.internal.runners.model.ReflectiveCallable.run(ReflectiveCallable.java:12)&#13;
	at org.junit.runners.model.FrameworkMethod.invokeExplosively(FrameworkMethod.java:47)&#13;
	at org.junit.internal.runners.statements.InvokeMethod.evaluate(InvokeMethod.java:17)&#13;
	at org.junit.runners.ParentRunner.runLeaf(ParentRunner.java:325)&#13;
	at org.junit.runners.BlockJUnit4ClassRunner.runChild(BlockJUnit4ClassRunner.java:78)&#13;
	at org.junit.runners.BlockJUnit4ClassRunner.runChild(BlockJUnit4ClassRunner.java:57)&#13;
	at org.junit.runners.ParentRunner$3.run(ParentRunner.java:290)&#13;
	at org.junit.runners.ParentRunner$1.schedule(ParentRunner.java:71)&#13;
	at org.junit.runners.ParentRunner.runChildren(ParentRunner.java:288)&#13;
	at org.junit.runners.ParentRunner.access$000(ParentRunner.java:58)&#13;
	at org.junit.runners.ParentRunner$2.evaluate(ParentRunner.java:268)&#13;
	at org.junit.runners.ParentRunner.run(ParentRunner.java:363)&#13;
	at org.junit.runners.Suite.runChild(Suite.java:128)&#13;
	at org.junit.runners.Suite.runChild(Suite.java:27)&#13;
	at org.junit.runners.ParentRunner$3.run(ParentRunner.java:290)&#13;
	at org.junit.runners.ParentRunner$1.schedule(ParentRunner.java:71)&#13;
	at org.junit.runners.ParentRunner.runChildren(ParentRunner.java:288)&#13;
	at org.junit.runners.ParentRunner.access$000(ParentRunner.java:58)&#13;
	at org.junit.runners.ParentRunner$2.evaluate(ParentRunner.java:268)&#13;
	at org.junit.runners.ParentRunner.run(ParentRunner.java:363)&#13;
	at org.eclipse.jdt.internal.junit4.runner.JUnit4TestReference.run(JUnit4TestReference.java:50)&#13;
	at org.eclipse.jdt.internal.junit.runner.TestExecution.run(TestExecution.java:38)&#13;
	at org.eclipse.jdt.internal.junit.runner.RemoteTestRunner.runTests(RemoteTestRunner.java:467)&#13;
	at org.eclipse.jdt.internal.junit.runner.RemoteTestRunner.runTests(RemoteTestRunner.java:683)&#13;
	at org.eclipse.jdt.internal.junit.runner.RemoteTestRunner.run(RemoteTestRunner.java:390)&#13;
	at org.eclipse.jdt.internal.junit.runner.RemoteTestRunner.main(RemoteTestRunner.java:197)&#13;
&#13;
</error>
      </testcase>
      <testcase name="testSetAndGetID" classname="org.porourke.carshop.model.hibernate.HibernameMakeTest" time="0.001"/>
      <testcase name="testConstructorWithoutID" classname="org.porourke.carshop.model.hibernate.HibernameMakeTest" time="0.0"/>
      <testcase name="testFullContructorWithModelList" classname="org.porourke.carshop.model.hibernate.HibernameMakeTest" time="0.0"/>
      <testcase name="testSetAndGetModels" classname="org.porourke.carshop.model.hibernate.HibernameMakeTest" time="0.0"/>
    </testsuite>
    <testsuite name="org.porourke.carshop.model.hibernate.HibernateModelTest" time="0.001">
      <testcase name="testNoIdConstructor" classname="org.porourke.carshop.model.hibernate.HibernateModelTest" time="0.0"/>
      <testcase name="testGetAndSetVehicles" classname="org.porourke.carshop.model.hibernate.HibernateModelTest" time="0.0"/>
      <testcase name="testAllParameterConstructor" classname="org.porourke.carshop.model.hibernate.HibernateModelTest" time="0.0"/>
      <testcase name="testNoParameterConstructor" classname="org.porourke.carshop.model.hibernate.HibernateModelTest" time="0.0"/>
      <testcase name="testGetAndSetMake" classname="org.porourke.carshop.model.hibernate.HibernateModelTest" time="0.0"/>
      <testcase name="testGetAndSetName" classname="org.porourke.carshop.model.hibernate.HibernateModelTest" time="0.0"/>
      <testcase name="testGetAndSetId" classname="org.porourke.carshop.model.hibernate.HibernateModelTest" time="0.001"/>
    </testsuite>
    <testsuite name="org.porourke.carshop.model.hibernate.HibernateVehicleTest" time="1.218">
      <testcase name="testAllParamertersButIdConstructor" classname="org.porourke.carshop.model.hibernate.HibernateVehicleTest" time="0.0"/>
      <testcase name="testAllParameterConstructor" classname="org.porourke.carshop.model.hibernate.HibernateVehicleTest" time="0.0"/>
      <testcase name="testNoParameterConstructor" classname="org.porourke.carshop.model.hibernate.HibernateVehicleTest" time="0.0"/>
      <testcase name="testGetAndSetYear" classname="org.porourke.carshop.model.hibernate.HibernateVehicleTest" time="0.0"/>
      <testcase name="testGetAndSetId" classname="org.porourke.carshop.model.hibernate.HibernateVehicleTest" time="0.0"/>
      <testcase name="testGetAndSetEngSizeCC" classname="org.porourke.carshop.model.hibernate.HibernateVehicleTest" time="0.0"/>
      <testcase name="testGetAndSetColour" classname="org.porourke.carshop.model.hibernate.HibernateVehicleTest" time="0.0"/>
      <testcase name="testGetAndSetModel" classname="org.porourke.carshop.model.hibernate.HibernateVehicleTest" time="0.0"/>
      <testcase name="testGetAndSetReg" classname="org.porourke.carshop.model.hibernate.HibernateVehicleTest" time="10.033"/>
    </testsuite>
    <testsuite name="org.porourke.carshop.model.hibernate.HibernateVehicleServiceTest" time="141.147">
      <testcase name="TestDeepSaveModelNotNull" classname="org.porourke.carshop.model.hibernate.HibernateVehicleServiceTest" time="20.073"/>
      <testcase name="testVehicleServiceConstructor" classname="org.porourke.carshop.model.hibernate.HibernateVehicleServiceTest" time="20.082"/>
      <testcase name="testVehicleServicegetModelsbyId" classname="org.porourke.carshop.model.hibernate.HibernateVehicleServiceTest" time="20.072"/>
      <testcase name="testVehicleServicegetMakesbyId" classname="org.porourke.carshop.model.hibernate.HibernateVehicleServiceTest" time="20.088"/>
      <testcase name="TestDeepSaveModelPointsBackToVehicle" classname="org.porourke.carshop.model.hibernate.HibernateVehicleServiceTest" time="20.066"/>
      <testcase name="TestDeepSaveMakeEquals" classname="org.porourke.carshop.model.hibernate.HibernateVehicleServiceTest" time="20.068"/>
      <testcase name="TestDeepSaveMakePointsBackToModel" classname="org.porourke.carshop.model.hibernate.HibernateVehicleServiceTest" time="20.068"/>
      <testcase name="TestDeepSaveModelsEqual" classname="org.porourke.carshop.model.hibernate.HibernateVehicleServiceTest" time="20.069"/>
      <testcase name="testVehicleServicegetVehiclesbyId" classname="org.porourke.carshop.model.hibernate.HibernateVehicleServiceTest" time="10.043">
        <failure>java.lang.AssertionError&#13;
	at org.junit.Assert.fail(Assert.java:86)&#13;
	at org.junit.Assert.assertTrue(Assert.java:41)&#13;
	at org.junit.Assert.assertTrue(Assert.java:52)&#13;
	at org.porourke.carshop.model.hibernate.HibernateVehicleServiceTest.testVehicleServicegetVehiclesbyId(HibernateVehicleServiceTest.java:102)&#13;
	at sun.reflect.NativeMethodAccessorImpl.invoke0(Native Method)&#13;
	at sun.reflect.NativeMethodAccessorImpl.invoke(NativeMethodAccessorImpl.java:57)&#13;
	at sun.reflect.DelegatingMethodAccessorImpl.invoke(DelegatingMethodAccessorImpl.java:43)&#13;
	at java.lang.reflect.Method.invoke(Method.java:606)&#13;
	at org.junit.runners.model.FrameworkMethod$1.runReflectiveCall(FrameworkMethod.java:50)&#13;
	at org.junit.internal.runners.model.ReflectiveCallable.run(ReflectiveCallable.java:12)&#13;
	at org.junit.runners.model.FrameworkMethod.invokeExplosively(FrameworkMethod.java:47)&#13;
	at org.junit.internal.runners.statements.InvokeMethod.evaluate(InvokeMethod.java:17)&#13;
	at org.junit.internal.runners.statements.RunBefores.evaluate(RunBefores.java:26)&#13;
	at org.junit.internal.runners.statements.RunAfters.evaluate(RunAfters.java:27)&#13;
	at org.junit.runners.ParentRunner.runLeaf(ParentRunner.java:325)&#13;
	at org.junit.runners.BlockJUnit4ClassRunner.runChild(BlockJUnit4ClassRunner.java:78)&#13;
	at org.junit.runners.BlockJUnit4ClassRunner.runChild(BlockJUnit4ClassRunner.java:57)&#13;
	at org.junit.runners.ParentRunner$3.run(ParentRunner.java:290)&#13;
	at org.junit.runners.ParentRunner$1.schedule(ParentRunner.java:71)&#13;
	at org.junit.runners.ParentRunner.runChildren(ParentRunner.java:288)&#13;
	at org.junit.runners.ParentRunner.access$000(ParentRunner.java:58)&#13;
	at org.junit.runners.ParentRunner$2.evaluate(ParentRunner.java:268)&#13;
	at org.junit.runners.ParentRunner.run(ParentRunner.java:363)&#13;
	at org.eclipse.jdt.internal.junit4.runner.JUnit4TestReference.run(JUnit4TestReference.java:50)&#13;
	at org.eclipse.jdt.internal.junit.runner.TestExecution.run(TestExecution.java:38)&#13;
	at org.eclipse.jdt.internal.junit.runner.RemoteTestRunner.runTests(RemoteTestRunner.java:467)&#13;
	at org.eclipse.jdt.internal.junit.runner.RemoteTestRunner.runTests(RemoteTestRunner.java:683)&#13;
	at org.eclipse.jdt.internal.junit.runner.RemoteTestRunner.run(RemoteTestRunner.java:390)&#13;
	at org.eclipse.jdt.internal.junit.runner.RemoteTestRunner.main(RemoteTestRunner.java:197)&#13;
&#13;
java.lang.AssertionError&#13;
	at org.junit.Assert.fail(Assert.java:86)&#13;
	at org.junit.Assert.assertTrue(Assert.java:41)&#13;
	at org.junit.Assert.assertTrue(Assert.java:52)&#13;
	at org.porourke.carshop.model.hibernate.HibernateVehicleServiceTest.testVehicleServicegetVehiclesbyId(HibernateVehicleServiceTest.java:102)&#13;
	at sun.reflect.NativeMethodAccessorImpl.invoke0(Native Method)&#13;
	at sun.reflect.NativeMethodAccessorImpl.invoke(NativeMethodAccessorImpl.java:57)&#13;
	at sun.reflect.DelegatingMethodAccessorImpl.invoke(DelegatingMethodAccessorImpl.java:43)&#13;
	at java.lang.reflect.Method.invoke(Method.java:606)&#13;
	at org.junit.runners.model.FrameworkMethod$1.runReflectiveCall(FrameworkMethod.java:50)&#13;
	at org.junit.internal.runners.model.ReflectiveCallable.run(ReflectiveCallable.java:12)&#13;
	at org.junit.runners.model.FrameworkMethod.invokeExplosively(FrameworkMethod.java:47)&#13;
	at org.junit.internal.runners.statements.InvokeMethod.evaluate(InvokeMethod.java:17)&#13;
	at org.junit.internal.runners.statements.RunBefores.evaluate(RunBefores.java:26)&#13;
	at org.junit.internal.runners.statements.RunAfters.evaluate(RunAfters.java:27)&#13;
	at org.junit.runners.ParentRunner.runLeaf(ParentRunner.java:325)&#13;
	at org.junit.runners.BlockJUnit4ClassRunner.runChild(BlockJUnit4ClassRunner.java:78)&#13;
	at org.junit.runners.BlockJUnit4ClassRunner.runChild(BlockJUnit4ClassRunner.java:57)&#13;
	at org.junit.runners.ParentRunner$3.run(ParentRunner.java:290)&#13;
	at org.junit.runners.ParentRunner$1.schedule(ParentRunner.java:71)&#13;
	at org.junit.runners.ParentRunner.runChildren(ParentRunner.java:288)&#13;
	at org.junit.runners.ParentRunner.access$000(ParentRunner.java:58)&#13;
	at org.junit.runners.ParentRunner$2.evaluate(ParentRunner.java:268)&#13;
	at org.junit.runners.ParentRunner.run(ParentRunner.java:363)&#13;
	at org.junit.runners.Suite.runChild(Suite.java:128)&#13;
	at org.junit.runners.Suite.runChild(Suite.java:27)&#13;
	at org.junit.runners.ParentRunner$3.run(ParentRunner.java:290)&#13;
	at org.junit.runners.ParentRunner$1.schedule(ParentRunner.java:71)&#13;
	at org.junit.runners.ParentRunner.runChildren(ParentRunner.java:288)&#13;
	at org.junit.runners.ParentRunner.access$000(ParentRunner.java:58)&#13;
	at org.junit.runners.ParentRunner$2.evaluate(ParentRunner.java:268)&#13;
	at org.junit.runners.ParentRunner.run(ParentRunner.java:363)&#13;
	at org.eclipse.jdt.internal.junit4.runner.JUnit4TestReference.run(JUnit4TestReference.java:50)&#13;
	at org.eclipse.jdt.internal.junit.runner.TestExecution.run(TestExecution.java:38)&#13;
	at org.eclipse.jdt.internal.junit.runner.RemoteTestRunner.runTests(RemoteTestRunner.java:467)&#13;
	at org.eclipse.jdt.internal.junit.runner.RemoteTestRunner.runTests(RemoteTestRunner.java:683)&#13;
	at org.eclipse.jdt.internal.junit.runner.RemoteTestRunner.run(RemoteTestRunner.java:390)&#13;
	at org.eclipse.jdt.internal.junit.runner.RemoteTestRunner.main(RemoteTestRunner.java:197)&#13;
&#13;
</failure>
      </testcase>
    </testsuite>
  </testsuite>
</testrun>
